<?xml version="1.0" encoding="UTF-8"?>
<!-- Generated by org.testng.reporters.JUnitXMLReporter -->
<testsuite ignored="1" hostname="DESKTOP-O5SPGM8" failures="0" tests="2" name="Default test" time="31.222" errors="0" timestamp="2023-04-25T21:18:41 EDT">
  <testcase classname="testLayer.LoginTest" name="Login" time="9.167"/>
  <testcase classname="testLayer.LoginTest" name="Login" time="9.173"/>
  <testcase classname="testLayer.LoginTest" name="Title" time="0.0">
    <ignored/>
  </testcase> <!-- Title -->
</testsuite> <!-- Default test -->
