<?xml version="1.0" encoding="UTF-8" ?>
<testsuite tests="3" failures="1" name="testLayer.LoginTest" time="0.715" errors="0" skipped="2">
  <properties>
[...]
</properties>
  <testcase classname="testLayer.LoginTest" name="initsetup" time="0.715">
    <failure message="The driver executable must exist: D:\Jenisha\OrangeHRM\geckodriver.exe" type="java.lang.IllegalStateException">java.lang.IllegalStateException: The driver executable must exist: D:\Jenisha\OrangeHRM\geckodriver.exe
	at org.openqa.selenium.internal.Require$FileStateChecker.isFile(Require.java:345)
	at org.openqa.selenium.remote.service.DriverService.checkExecutable(DriverService.java:161)
	at org.openqa.selenium.remote.service.DriverService.findExecutable(DriverService.java:156)
	at org.openqa.selenium.firefox.GeckoDriverService.access$100(GeckoDriverService.java:47)
	at org.openqa.selenium.firefox.GeckoDriverService$Builder.findDefaultExecutable(GeckoDriverService.java:164)
	at org.openqa.selenium.remote.service.DriverService$Builder.build(DriverService.java:456)
	at org.openqa.selenium.firefox.GeckoDriverService.createDefaultService(GeckoDriverService.java:100)
	at org.openqa.selenium.firefox.FirefoxDriver.&lt;init&gt;(FirefoxDriver.java:111)
	at org.openqa.selenium.firefox.FirefoxDriver.&lt;init&gt;(FirefoxDriver.java:101)
	at basePackage.BaseOrangeHRMClass.initiation(BaseOrangeHRMClass.java:36)
	at testLayer.LoginTest.initsetup(LoginTest.java:22)
</failure>
    <system-out>Configuring TestNG with: org.apache.maven.surefire.testng.conf.TestNG652Configurator@7a5d012c
</system-out>
    <system-err>SLF4J: Failed to load class &quot;org.slf4j.impl.StaticLoggerBinder&quot;.
SLF4J: Defaulting to no-operation (NOP) logger implementation
SLF4J: See http://www.slf4j.org/codes.html#StaticLoggerBinder for further details.
</system-err>
  </testcase>
  <testcase classname="testLayer.LoginTest" name="title" time="0">
    <skipped/>
  </testcase>
  <testcase classname="testLayer.LoginTest" name="close" time="0">
    <skipped/>
  </testcase>
</testsuite>