<?xml version="1.0" encoding="UTF-8"?>
<testng-results ignored="1" total="3" passed="2" failed="0" skipped="0">
  <reporter-output>
  </reporter-output>
  <suite started-at="2023-04-25T21:18:10 EDT" name="Default suite" finished-at="2023-04-25T21:18:41 EDT" duration-ms="31222">
    <groups>
    </groups>
    <test started-at="2023-04-25T21:18:10 EDT" name="Default test" finished-at="2023-04-25T21:18:41 EDT" duration-ms="31222">
      <class name="testLayer.LoginTest">
        <test-method is-config="true" signature="initsetup()[pri:0, instance:testLayer.LoginTest@6ed3ccb2]" started-at="2023-04-25T21:18:11 EDT" name="initsetup" finished-at="2023-04-25T21:18:16 EDT" duration-ms="5159" status="PASS">
          <reporter-output>
          </reporter-output>
        </test-method> <!-- initsetup -->
        <test-method signature="Login(java.lang.String,java.lang.String)[pri:2, instance:testLayer.LoginTest@6ed3ccb2]" started-at="2023-04-25T21:18:16 EDT" name="Login" data-provider="Details" finished-at="2023-04-25T21:18:25 EDT" duration-ms="9167" status="PASS">
          <params>
            <param index="0">
              <value>
                <![CDATA[Admin]]>
              </value>
            </param>
            <param index="1">
              <value>
                <![CDATA[admin123]]>
              </value>
            </param>
          </params>
          <reporter-output>
          </reporter-output>
        </test-method> <!-- Login -->
        <test-method is-config="true" signature="close()[pri:0, instance:testLayer.LoginTest@6ed3ccb2]" started-at="2023-04-25T21:18:25 EDT" name="close" finished-at="2023-04-25T21:18:25 EDT" duration-ms="19" status="PASS">
          <reporter-output>
          </reporter-output>
        </test-method> <!-- close -->
        <test-method is-config="true" signature="initsetup()[pri:0, instance:testLayer.LoginTest@6ed3ccb2]" started-at="2023-04-25T21:18:25 EDT" name="initsetup" finished-at="2023-04-25T21:18:32 EDT" duration-ms="7027" status="PASS">
          <reporter-output>
          </reporter-output>
        </test-method> <!-- initsetup -->
        <test-method signature="Login(java.lang.String,java.lang.String)[pri:2, instance:testLayer.LoginTest@6ed3ccb2]" started-at="2023-04-25T21:18:32 EDT" name="Login" data-provider="Details" finished-at="2023-04-25T21:18:41 EDT" duration-ms="9173" status="PASS">
          <params>
            <param index="0">
              <value>
                <![CDATA[test]]>
              </value>
            </param>
            <param index="1">
              <value>
                <![CDATA[testing]]>
              </value>
            </param>
          </params>
          <reporter-output>
          </reporter-output>
        </test-method> <!-- Login -->
        <test-method is-config="true" signature="close()[pri:0, instance:testLayer.LoginTest@6ed3ccb2]" started-at="2023-04-25T21:18:41 EDT" name="close" finished-at="2023-04-25T21:18:41 EDT" duration-ms="1" status="PASS">
          <reporter-output>
          </reporter-output>
        </test-method> <!-- close -->
      </class> <!-- testLayer.LoginTest -->
    </test> <!-- Default test -->
  </suite> <!-- Default suite -->
</testng-results>
